<?xml version="1.0" encoding="UTF-8"?>
<!-- Generated by org.testng.reporters.JUnitReportReporter -->
<testsuite hostname="DESKTOP-35BUF8N" failures="0" tests="4" name="Test_Runners.AdminLogin" time="18.182" errors="0" timestamp="2024-02-06T16:14:24 GMT-05:00" skipped="0">
  <testcase classname="Test_Runners.AdminLogin" name="runScenario" time="3.873"/>
  <testcase classname="Test_Runners.AdminLogin" name="runScenario" time="3.317"/>
  <testcase classname="Test_Runners.AdminLogin" name="runScenario" time="3.852"/>
  <testcase classname="Test_Runners.AdminLogin" name="runScenario" time="7.140"/>
</testsuite> <!-- Test_Runners.AdminLogin -->
